app/build/intermediates/manifest_merge_blame_file/devDebug/manifest-merger-blame-dev-debug-report.txt
1<?xml version="1.0" encoding="utf-8"?>
2<manifest xmlns:android="http://schemas.android.com/apk/res/android"
3    package="com.example.healthconnectdemo.dev"
4    android:versionCode="1"
5    android:versionName="1.0-dev" >
6
7    <uses-sdk
8        android:minSdkVersion="26"
9        android:targetSdkVersion="35" />
10
11    <!-- Health Connect permissions for body temperature -->
12    <uses-permission android:name="android.permission.health.READ_BODY_TEMPERATURE" />
12-->src/main/AndroidManifest.xml:6:5-87
12-->src/main/AndroidManifest.xml:6:22-84
13    <uses-permission android:name="android.permission.health.WRITE_BODY_TEMPERATURE" />
13-->src/main/AndroidManifest.xml:7:5-88
13-->src/main/AndroidManifest.xml:7:22-85
14
15    <queries>
15-->src/main/AndroidManifest.xml:9:5-11:15
16        <package android:name="com.google.android.apps.healthdata" />
16-->src/main/AndroidManifest.xml:10:9-70
16-->src/main/AndroidManifest.xml:10:18-67
17    </queries>
18
19    <permission
19-->[androidx.core:core:1.13.1] AndroidManifest.xml:22:5-24:47
20        android:name="com.example.healthconnectdemo.dev.DYNAMIC_RECEIVER_NOT_EXPORTED_PERMISSION"
20-->[androidx.core:core:1.13.1] AndroidManifest.xml:23:9-81
21        android:protectionLevel="signature" />
21-->[androidx.core:core:1.13.1] AndroidManifest.xml:24:9-44
22
23    <uses-permission android:name="com.example.healthconnectdemo.dev.DYNAMIC_RECEIVER_NOT_EXPORTED_PERMISSION" />
23-->[androidx.core:core:1.13.1] AndroidManifest.xml:26:5-97
23-->[androidx.core:core:1.13.1] AndroidManifest.xml:26:22-94
24
25    <application
25-->src/main/AndroidManifest.xml:13:5-70:19
26        android:name="com.example.healthconnectdemo.HealthConnectApp"
26-->src/main/AndroidManifest.xml:14:9-41
27        android:allowBackup="true"
27-->src/main/AndroidManifest.xml:15:9-35
28        android:appComponentFactory="androidx.core.app.CoreComponentFactory"
28-->[androidx.core:core:1.13.1] AndroidManifest.xml:28:18-86
29        android:dataExtractionRules="@xml/data_extraction_rules"
29-->src/main/AndroidManifest.xml:16:9-65
30        android:debuggable="true"
31        android:extractNativeLibs="false"
32        android:fullBackupContent="@xml/backup_rules"
32-->src/main/AndroidManifest.xml:17:9-54
33        android:icon="@mipmap/ic_launcher"
33-->src/main/AndroidManifest.xml:18:9-43
34        android:label="@string/app_name"
34-->src/main/AndroidManifest.xml:19:9-41
35        android:roundIcon="@mipmap/ic_launcher_round"
35-->src/main/AndroidManifest.xml:20:9-54
36        android:supportsRtl="true"
36-->src/main/AndroidManifest.xml:21:9-35
37        android:testOnly="true"
38        android:theme="@style/Theme.HealthConnectDemo" >
38-->src/main/AndroidManifest.xml:22:9-55
39
40        <!-- Health Connect metadata -->
41        <meta-data
41-->src/main/AndroidManifest.xml:26:9-28:36
42            android:name="androidx.health.platform.client"
42-->src/main/AndroidManifest.xml:27:13-59
43            android:value="true" />
43-->src/main/AndroidManifest.xml:28:13-33
44
45        <activity
45-->src/main/AndroidManifest.xml:29:9-49:20
46            android:name="com.example.healthconnectdemo.MainActivity"
46-->src/main/AndroidManifest.xml:30:13-41
47            android:exported="true"
47-->src/main/AndroidManifest.xml:31:13-36
48            android:label="@string/app_name"
48-->src/main/AndroidManifest.xml:32:13-45
49            android:theme="@style/Theme.HealthConnectDemo" >
49-->src/main/AndroidManifest.xml:33:13-59
50            <intent-filter>
50-->src/main/AndroidManifest.xml:34:13-37:29
51                <action android:name="android.intent.action.MAIN" />
51-->src/main/AndroidManifest.xml:35:17-69
51-->src/main/AndroidManifest.xml:35:25-66
52
53                <category android:name="android.intent.category.LAUNCHER" />
53-->src/main/AndroidManifest.xml:36:17-77
53-->src/main/AndroidManifest.xml:36:27-74
54            </intent-filter>
55
56            <!-- Health Connect integration intent filter -->
57            <intent-filter>
57-->src/main/AndroidManifest.xml:40:13-42:29
58                <action android:name="androidx.health.ACTION_SHOW_PERMISSIONS_RATIONALE" />
58-->src/main/AndroidManifest.xml:41:17-92
58-->src/main/AndroidManifest.xml:41:25-89
59            </intent-filter>
60
61            <!-- Permission handling for Android 14 and later -->
62            <intent-filter>
62-->src/main/AndroidManifest.xml:45:13-48:29
63                <action android:name="android.intent.action.VIEW_PERMISSION_USAGE" />
63-->src/main/AndroidManifest.xml:46:17-85
63-->src/main/AndroidManifest.xml:46:25-83
64
65                <category android:name="android.intent.category.HEALTH_PERMISSIONS" />
65-->src/main/AndroidManifest.xml:47:17-86
65-->src/main/AndroidManifest.xml:47:27-84
66            </intent-filter>
67        </activity> <!-- Activity for handling Health Connect permission requests -->
68        <activity-alias
68-->src/main/AndroidManifest.xml:60:9-69:26
69            android:name="com.example.healthconnectdemo.ViewPermissionUsageActivity"
69-->src/main/AndroidManifest.xml:61:13-55
70            android:exported="true"
70-->src/main/AndroidManifest.xml:62:13-36
71            android:permission="android.permission.START_VIEW_PERMISSION_USAGE"
71-->src/main/AndroidManifest.xml:64:13-80
72            android:targetActivity="com.example.healthconnectdemo.MainActivity" >
72-->src/main/AndroidManifest.xml:63:13-51
73            <intent-filter>
73-->src/main/AndroidManifest.xml:45:13-48:29
74                <action android:name="android.intent.action.VIEW_PERMISSION_USAGE" />
74-->src/main/AndroidManifest.xml:46:17-85
74-->src/main/AndroidManifest.xml:46:25-83
75
76                <category android:name="android.intent.category.HEALTH_PERMISSIONS" />
76-->src/main/AndroidManifest.xml:47:17-86
76-->src/main/AndroidManifest.xml:47:27-84
77            </intent-filter>
78        </activity-alias>
79
80        <!-- Temperature History Activity -->
81        <activity
81-->src/main/AndroidManifest.xml:52:9-57:74
82            android:name="com.example.healthconnectdemo.TemperatureHistoryActivity"
82-->src/main/AndroidManifest.xml:53:13-55
83            android:exported="false"
83-->src/main/AndroidManifest.xml:54:13-37
84            android:label="Temperature History"
84-->src/main/AndroidManifest.xml:55:13-48
85            android:parentActivityName="com.example.healthconnectdemo.MainActivity"
85-->src/main/AndroidManifest.xml:56:13-55
86            android:theme="@style/Theme.HealthConnectDemo.NoActionBar" />
86-->src/main/AndroidManifest.xml:57:13-71
87
88        <service
88-->[androidx.health.connect:connect-client:1.1.0-alpha06] AndroidManifest.xml:24:9-32:19
89            android:name="androidx.health.platform.client.impl.sdkservice.HealthDataSdkService"
89-->[androidx.health.connect:connect-client:1.1.0-alpha06] AndroidManifest.xml:25:13-96
90            android:enabled="true"
90-->[androidx.health.connect:connect-client:1.1.0-alpha06] AndroidManifest.xml:26:13-35
91            android:exported="true" >
91-->[androidx.health.connect:connect-client:1.1.0-alpha06] AndroidManifest.xml:27:13-36
92            <intent-filter>
92-->[androidx.health.connect:connect-client:1.1.0-alpha06] AndroidManifest.xml:29:13-31:29
93                <action android:name="androidx.health.platform.client.ACTION_BIND_SDK_SERVICE" />
93-->[androidx.health.connect:connect-client:1.1.0-alpha06] AndroidManifest.xml:30:17-98
93-->[androidx.health.connect:connect-client:1.1.0-alpha06] AndroidManifest.xml:30:25-95
94            </intent-filter>
95        </service>
96
97        <provider
97-->[androidx.emoji2:emoji2:1.3.0] AndroidManifest.xml:24:9-32:20
98            android:name="androidx.startup.InitializationProvider"
98-->[androidx.emoji2:emoji2:1.3.0] AndroidManifest.xml:25:13-67
99            android:authorities="com.example.healthconnectdemo.dev.androidx-startup"
99-->[androidx.emoji2:emoji2:1.3.0] AndroidManifest.xml:26:13-68
100            android:exported="false" >
100-->[androidx.emoji2:emoji2:1.3.0] AndroidManifest.xml:27:13-37
101            <meta-data
101-->[androidx.emoji2:emoji2:1.3.0] AndroidManifest.xml:29:13-31:52
102                android:name="androidx.emoji2.text.EmojiCompatInitializer"
102-->[androidx.emoji2:emoji2:1.3.0] AndroidManifest.xml:30:17-75
103                android:value="androidx.startup" />
103-->[androidx.emoji2:emoji2:1.3.0] AndroidManifest.xml:31:17-49
104            <meta-data
104-->[androidx.lifecycle:lifecycle-process:2.8.4] AndroidManifest.xml:29:13-31:52
105                android:name="androidx.lifecycle.ProcessLifecycleInitializer"
105-->[androidx.lifecycle:lifecycle-process:2.8.4] AndroidManifest.xml:30:17-78
106                android:value="androidx.startup" />
106-->[androidx.lifecycle:lifecycle-process:2.8.4] AndroidManifest.xml:31:17-49
107            <meta-data
107-->[androidx.profileinstaller:profileinstaller:1.3.1] AndroidManifest.xml:29:13-31:52
108                android:name="androidx.profileinstaller.ProfileInstallerInitializer"
108-->[androidx.profileinstaller:profileinstaller:1.3.1] AndroidManifest.xml:30:17-85
109                android:value="androidx.startup" />
109-->[androidx.profileinstaller:profileinstaller:1.3.1] AndroidManifest.xml:31:17-49
110        </provider>
111
112        <receiver
112-->[androidx.profileinstaller:profileinstaller:1.3.1] AndroidManifest.xml:34:9-52:20
113            android:name="androidx.profileinstaller.ProfileInstallReceiver"
113-->[androidx.profileinstaller:profileinstaller:1.3.1] AndroidManifest.xml:35:13-76
114            android:directBootAware="false"
114-->[androidx.profileinstaller:profileinstaller:1.3.1] AndroidManifest.xml:36:13-44
115            android:enabled="true"
115-->[androidx.profileinstaller:profileinstaller:1.3.1] AndroidManifest.xml:37:13-35
116            android:exported="true"
116-->[androidx.profileinstaller:profileinstaller:1.3.1] AndroidManifest.xml:38:13-36
117            android:permission="android.permission.DUMP" >
117-->[androidx.profileinstaller:profileinstaller:1.3.1] AndroidManifest.xml:39:13-57
118            <intent-filter>
118-->[androidx.profileinstaller:profileinstaller:1.3.1] AndroidManifest.xml:40:13-42:29
119                <action android:name="androidx.profileinstaller.action.INSTALL_PROFILE" />
119-->[androidx.profileinstaller:profileinstaller:1.3.1] AndroidManifest.xml:41:17-91
119-->[androidx.profileinstaller:profileinstaller:1.3.1] AndroidManifest.xml:41:25-88
120            </intent-filter>
121            <intent-filter>
121-->[androidx.profileinstaller:profileinstaller:1.3.1] AndroidManifest.xml:43:13-45:29
122                <action android:name="androidx.profileinstaller.action.SKIP_FILE" />
122-->[androidx.profileinstaller:profileinstaller:1.3.1] AndroidManifest.xml:44:17-85
122-->[androidx.profileinstaller:profileinstaller:1.3.1] AndroidManifest.xml:44:25-82
123            </intent-filter>
124            <intent-filter>
124-->[androidx.profileinstaller:profileinstaller:1.3.1] AndroidManifest.xml:46:13-48:29
125                <action android:name="androidx.profileinstaller.action.SAVE_PROFILE" />
125-->[androidx.profileinstaller:profileinstaller:1.3.1] AndroidManifest.xml:47:17-88
125-->[androidx.profileinstaller:profileinstaller:1.3.1] AndroidManifest.xml:47:25-85
126            </intent-filter>
127            <intent-filter>
127-->[androidx.profileinstaller:profileinstaller:1.3.1] AndroidManifest.xml:49:13-51:29
128                <action android:name="androidx.profileinstaller.action.BENCHMARK_OPERATION" />
128-->[androidx.profileinstaller:profileinstaller:1.3.1] AndroidManifest.xml:50:17-95
128-->[androidx.profileinstaller:profileinstaller:1.3.1] AndroidManifest.xml:50:25-92
129            </intent-filter>
130        </receiver>
131    </application>
132
133</manifest>